e:\source\maytinhtay\maytinhtay\debug\maytinhtay.pch
e:\source\maytinhtay\maytinhtay\debug\vc141.pdb
e:\source\maytinhtay\maytinhtay\debug\stdafx.obj
e:\source\maytinhtay\maytinhtay\debug\wordwraplabel.obj
e:\source\maytinhtay\maytinhtay\debug\uiwindow.obj
e:\source\maytinhtay\maytinhtay\debug\program.obj
e:\source\maytinhtay\maytinhtay\debug\numbertypebutton.obj
e:\source\maytinhtay\maytinhtay\debug\linearpanel.obj
e:\source\maytinhtay\maytinhtay\debug\keysgrid.obj
e:\source\maytinhtay\maytinhtay\debug\key.obj
e:\source\maytinhtay\maytinhtay\debug\filestream.obj
e:\source\maytinhtay\maytinhtay\debug\bigint.obj
e:\source\maytinhtay\maytinhtay\debug\assemblyinfo.obj
e:\source\maytinhtay\maytinhtay\debug\.netframework,version=v4.5.2.assemblyattributes.obj
e:\source\maytinhtay\maytinhtay\debug\.netframework,version=v4.5.2.assemblyattributes.asm
e:\source\maytinhtay\maytinhtay\debug\qint.obj
e:\source\maytinhtay\debug\maytinhtay.exe
e:\source\maytinhtay\debug\maytinhtay.pdb
e:\source\maytinhtay\maytinhtay\debug\maytinhtay.uiwindow.resources
e:\source\maytinhtay\maytinhtay\debug\app.res
e:\source\maytinhtay\maytinhtay\debug\maytinhtay.vcxproj.generateresource.cache
e:\source\maytinhtay\maytinhtay\debug\maytinhtay.vcxprojresolveassemblyreference.cache
e:\source\maytinhtay\maytinhtay\debug\calculator.obj
e:\source\maytinhtay\maytinhtay\debug\maytinhtay.tlog\cl.command.1.tlog
e:\source\maytinhtay\maytinhtay\debug\maytinhtay.tlog\cl.read.1.tlog
e:\source\maytinhtay\maytinhtay\debug\maytinhtay.tlog\cl.write.1.tlog
e:\source\maytinhtay\maytinhtay\debug\maytinhtay.tlog\link.command.1.tlog
e:\source\maytinhtay\maytinhtay\debug\maytinhtay.tlog\link.read.1.tlog
e:\source\maytinhtay\maytinhtay\debug\maytinhtay.tlog\link.write.1.tlog
e:\source\maytinhtay\maytinhtay\debug\maytinhtay.tlog\maytinhtay.write.1u.tlog
e:\source\maytinhtay\maytinhtay\debug\maytinhtay.tlog\metagen.read.1.tlog
e:\source\maytinhtay\maytinhtay\debug\maytinhtay.tlog\metagen.write.1.tlog
e:\source\maytinhtay\maytinhtay\debug\maytinhtay.tlog\rc.command.1.tlog
e:\source\maytinhtay\maytinhtay\debug\maytinhtay.tlog\rc.read.1.tlog
e:\source\maytinhtay\maytinhtay\debug\maytinhtay.tlog\rc.write.1.tlog
e:\source\maytinhtay\maytinhtay\debug\maytinhtay.tlog\tzres.dll.bi
