  UIWindow.cpp
e:\source\maytinhtay\maytinhtay\LinearPanel.h(34): warning C4244: 'argument': conversion from 'float' to 'int', possible loss of data
e:\source\maytinhtay\maytinhtay\LinearPanel.h(35): warning C4244: 'argument': conversion from 'float' to 'int', possible loss of data
e:\source\maytinhtay\maytinhtay\LinearPanel.h(40): warning C4244: 'argument': conversion from 'float' to 'int', possible loss of data
e:\source\maytinhtay\maytinhtay\LinearPanel.h(41): warning C4244: 'argument': conversion from 'float' to 'int', possible loss of data
e:\source\maytinhtay\maytinhtay\Key.h(87): warning C4244: 'argument': conversion from 'int' to 'float', possible loss of data
e:\source\maytinhtay\maytinhtay\Key.h(97): warning C4244: 'argument': conversion from 'int' to 'float', possible loss of data
e:\source\maytinhtay\maytinhtay\Key.h(98): warning C4244: 'argument': conversion from 'float' to 'int', possible loss of data
e:\source\maytinhtay\maytinhtay\Key.h(115): warning C4244: 'argument': conversion from 'int' to 'float', possible loss of data
e:\source\maytinhtay\maytinhtay\Key.h(143): warning C4244: 'argument': conversion from 'int' to 'float', possible loss of data
e:\source\maytinhtay\maytinhtay\Key.h(176): warning C4244: 'argument': conversion from 'int' to 'float', possible loss of data
e:\source\maytinhtay\maytinhtay\Key.h(179): warning C4244: 'argument': conversion from 'int' to 'float', possible loss of data
e:\source\maytinhtay\maytinhtay\NumberTypeButton.h(93): warning C4244: 'argument': conversion from 'int' to 'float', possible loss of data
e:\source\maytinhtay\maytinhtay\NumberTypeButton.h(96): warning C4244: 'argument': conversion from 'int' to 'float', possible loss of data
e:\source\maytinhtay\maytinhtay\NumberTypeButton.h(101): warning C4244: 'argument': conversion from 'int' to 'float', possible loss of data
e:\source\maytinhtay\maytinhtay\NumberTypeButton.h(109): warning C4244: 'argument': conversion from 'int' to 'float', possible loss of data
e:\source\maytinhtay\maytinhtay\KeysGrid.h(153): warning C4244: '=': conversion from 'int' to 'float', possible loss of data
e:\source\maytinhtay\maytinhtay\KeysGrid.h(154): warning C4244: '=': conversion from 'int' to 'float', possible loss of data
e:\source\maytinhtay\maytinhtay\KeysGrid.h(164): warning C4244: 'argument': conversion from 'float' to 'int', possible loss of data
e:\source\maytinhtay\maytinhtay\KeysGrid.h(165): warning C4244: 'argument': conversion from 'float' to 'int', possible loss of data
e:\source\maytinhtay\maytinhtay\KeysGrid.h(166): warning C4244: 'argument': conversion from 'float' to 'int', possible loss of data
e:\source\maytinhtay\maytinhtay\KeysGrid.h(168): warning C4244: 'argument': conversion from 'double' to 'int', possible loss of data
e:\source\maytinhtay\maytinhtay\KeysGrid.h(168): warning C4244: 'argument': conversion from 'float' to 'int', possible loss of data
e:\source\maytinhtay\maytinhtay\KeysGrid.h(169): warning C4244: 'argument': conversion from 'double' to 'int', possible loss of data
e:\source\maytinhtay\maytinhtay\KeysGrid.h(169): warning C4244: 'argument': conversion from 'float' to 'int', possible loss of data
e:\source\maytinhtay\maytinhtay\KeysGrid.h(170): warning C4244: 'argument': conversion from 'float' to 'int', possible loss of data
e:\source\maytinhtay\maytinhtay\KeysGrid.h(173): warning C4244: 'argument': conversion from 'float' to 'int', possible loss of data
e:\source\maytinhtay\maytinhtay\KeysGrid.h(174): warning C4244: 'argument': conversion from 'float' to 'int', possible loss of data
e:\source\maytinhtay\maytinhtay\KeysGrid.h(175): warning C4244: 'argument': conversion from 'float' to 'int', possible loss of data
e:\source\maytinhtay\maytinhtay\KeysGrid.h(176): warning C4244: 'argument': conversion from 'float' to 'int', possible loss of data
e:\source\maytinhtay\maytinhtay\KeysGrid.h(178): warning C4244: 'argument': conversion from 'float' to 'int', possible loss of data
e:\source\maytinhtay\maytinhtay\KeysGrid.h(185): warning C4244: 'argument': conversion from 'float' to 'int', possible loss of data
e:\source\maytinhtay\maytinhtay\KeysGrid.h(186): warning C4244: 'argument': conversion from 'float' to 'int', possible loss of data
e:\source\maytinhtay\maytinhtay\KeysGrid.h(515): warning C4244: 'argument': conversion from 'float' to 'int', possible loss of data
e:\source\maytinhtay\maytinhtay\KeysGrid.h(519): warning C4244: 'argument': conversion from 'float' to 'int', possible loss of data
UIWindow.cpp(74): warning C4244: 'argument': conversion from 'float' to 'int', possible loss of data
e:\source\maytinhtay\maytinhtay\uiwindow.cpp(187): warning C4715: 'MayTinhTay::UIWindow::GetNumber': not all control paths return a value
  MayTinhTay.vcxproj -> E:\source\MayTinhTay\Debug\MayTinhTay.exe
